<?xml version="1.0" encoding="UTF-8"?>
<!-- Generated by org.testng.reporters.JUnitReportReporter -->
<testsuite name="tests.Login.LogInTestBaseClass" tests="2" time="40.029" ignored="0" failures="0" timestamp="07 Aug 2018 14:46:43 GMT" skipped="0" hostname="VaishaliRajput" errors="0">
  <testcase name="LLoginUsingUserID" time="19.826" classname="tests.Login.LogInTestBaseClass"/>
  <testcase name="LoginUsingUserID" time="20.203" classname="tests.Login.LogInTestBaseClass"/>
</testsuite> <!-- tests.Login.LogInTestBaseClass -->
