<?xml version="1.0" encoding="UTF-8"?>
<!-- Generated by org.testng.reporters.JUnitReportReporter -->
<testsuite name="tests.Login.LogInTestBaseClass" tests="5" time="19.398" ignored="0" failures="0" timestamp="21 Aug 2018 07:57:16 GMT" skipped="0" hostname="VaishaliRajput" errors="0">
  <testcase name="logInUsingInvalidUserId" time="0.006" classname="tests.Login.LogInTestBaseClass"/>
  <testcase name="logInScreenUIValidation" time="0.009" classname="tests.Login.LogInTestBaseClass"/>
  <testcase name="loginUsingValidUserID" time="19.331" classname="tests.Login.LogInTestBaseClass"/>
  <testcase name="logInUsingInvalidPassword" time="0.034" classname="tests.Login.LogInTestBaseClass"/>
  <testcase name="homeScreenUIValidation" time="0.018" classname="tests.Login.LogInTestBaseClass"/>
</testsuite> <!-- tests.Login.LogInTestBaseClass -->
