<?xml version="1.0" encoding="UTF-8"?>
<!-- Generated by org.testng.reporters.JUnitReportReporter -->
<testsuite name="tests.Login.LogInTestBaseClass" tests="5" time="19.039" ignored="0" failures="0" timestamp="21 Aug 2018 11:06:59 GMT" skipped="0" hostname="VaishaliRajput" errors="0">
  <testcase name="logInUsingInvalidPassword" time="0.004" classname="tests.Login.LogInTestBaseClass"/>
  <testcase name="logInUsingInvalidUserId" time="0.007" classname="tests.Login.LogInTestBaseClass"/>
  <testcase name="logInScreenUIValidation" time="5.116" classname="tests.Login.LogInTestBaseClass"/>
  <testcase name="homeScreenUIValidation" time="0.037" classname="tests.Login.LogInTestBaseClass"/>
  <testcase name="loginUsingValidUserID" time="13.875" classname="tests.Login.LogInTestBaseClass"/>
</testsuite> <!-- tests.Login.LogInTestBaseClass -->
