<?xml version="1.0" encoding="UTF-8"?>
<!-- Generated by org.testng.reporters.JUnitReportReporter -->
<testsuite name="tests.Login.LogInTestBaseClass" tests="1" time="6.529" ignored="0" failures="0" timestamp="30 Jul 2018 16:54:37 GMT" skipped="0" hostname="VaishaliRajput" errors="0">
  <testcase name="LoginUsingUsername" time="6.529" classname="tests.Login.LogInTestBaseClass"/>
</testsuite> <!-- tests.Login.LogInTestBaseClass -->
